Sat Jun 02 2018 13:08:11 GMT-0400 (EDT): GET /
Sat Jun 02 2018 13:08:12 GMT-0400 (EDT): GET /favicon.ico
Sat Jun 02 2018 13:08:14 GMT-0400 (EDT): GET /
Sat Jun 02 2018 13:08:14 GMT-0400 (EDT): GET /favicon.ico
Sat Jun 02 2018 13:08:14 GMT-0400 (EDT): GET /
Sat Jun 02 2018 13:08:15 GMT-0400 (EDT): GET /favicon.ico
Sat Jun 02 2018 13:08:15 GMT-0400 (EDT): GET /about
Sat Jun 02 2018 13:08:16 GMT-0400 (EDT): GET /favicon.ico
Sat Jun 02 2018 13:08:40 GMT-0400 (EDT): GET /about
Sat Jun 02 2018 13:08:40 GMT-0400 (EDT): GET /favicon.ico
Sat Jun 02 2018 13:08:41 GMT-0400 (EDT): GET /about
Sat Jun 02 2018 13:08:41 GMT-0400 (EDT): GET /favicon.ico
Sat Jun 02 2018 13:08:57 GMT-0400 (EDT): GET /about
Sat Jun 02 2018 13:08:57 GMT-0400 (EDT): GET /favicon.ico
Sat Jun 02 2018 13:10:45 GMT-0400 (EDT): GET /help.html
Sat Jun 02 2018 13:10:45 GMT-0400 (EDT): GET /favicon.ico
Sat Jun 02 2018 13:12:17 GMT-0400 (EDT): GET /help.html
Sat Jun 02 2018 13:12:17 GMT-0400 (EDT): GET /favicon.ico
Sat Jun 02 2018 13:12:36 GMT-0400 (EDT): GET /help.html
Sat Jun 02 2018 13:12:36 GMT-0400 (EDT): GET /favicon.ico
Sat Jun 02 2018 13:12:37 GMT-0400 (EDT): GET /help.html
Sat Jun 02 2018 13:12:37 GMT-0400 (EDT): GET /favicon.ico
Sat Jun 02 2018 13:12:39 GMT-0400 (EDT): GET /
Sat Jun 02 2018 13:12:39 GMT-0400 (EDT): GET /favicon.ico
Sat Jun 02 2018 13:12:41 GMT-0400 (EDT): GET /
Sat Jun 02 2018 13:12:41 GMT-0400 (EDT): GET /favicon.ico
Sat Jun 02 2018 13:12:56 GMT-0400 (EDT): GET /
Sat Jun 02 2018 13:12:56 GMT-0400 (EDT): GET /favicon.ico
Sat Jun 02 2018 13:12:57 GMT-0400 (EDT): GET /
Sat Jun 02 2018 13:12:57 GMT-0400 (EDT): GET /favicon.ico
Sat Jun 02 2018 13:13:07 GMT-0400 (EDT): GET /
Sat Jun 02 2018 13:13:07 GMT-0400 (EDT): GET /favicon.ico
Sat Jun 02 2018 13:13:07 GMT-0400 (EDT): GET /
Sat Jun 02 2018 13:13:08 GMT-0400 (EDT): GET /favicon.ico
Sat Jun 02 2018 13:13:54 GMT-0400 (EDT): GET /about
Sat Jun 02 2018 13:13:54 GMT-0400 (EDT): GET /favicon.ico
Sat Jun 02 2018 13:14:04 GMT-0400 (EDT): GET /
Sat Jun 02 2018 13:14:04 GMT-0400 (EDT): GET /favicon.ico
Sat Jun 02 2018 13:14:31 GMT-0400 (EDT): GET /
Sat Jun 02 2018 13:14:31 GMT-0400 (EDT): GET /favicon.ico
Sat Jun 02 2018 13:15:27 GMT-0400 (EDT): GET /projects
Sat Jun 02 2018 13:15:27 GMT-0400 (EDT): GET /favicon.ico
Sat Jun 02 2018 13:15:51 GMT-0400 (EDT): GET /
Sat Jun 02 2018 13:15:51 GMT-0400 (EDT): GET /favicon.ico
Sat Jun 02 2018 13:17:20 GMT-0400 (EDT): GET /
Sat Jun 02 2018 13:17:20 GMT-0400 (EDT): GET /favicon.ico
Sat Jun 02 2018 13:17:21 GMT-0400 (EDT): GET /about
Sat Jun 02 2018 13:17:21 GMT-0400 (EDT): GET /favicon.ico
Sat Jun 02 2018 13:17:22 GMT-0400 (EDT): GET /about
Sat Jun 02 2018 13:17:22 GMT-0400 (EDT): GET /favicon.ico
Sat Jun 02 2018 13:17:22 GMT-0400 (EDT): GET /
Sat Jun 02 2018 13:17:22 GMT-0400 (EDT): GET /favicon.ico
Sat Jun 02 2018 13:17:24 GMT-0400 (EDT): GET /about
Sat Jun 02 2018 13:17:24 GMT-0400 (EDT): GET /favicon.ico
Sat Jun 02 2018 13:17:26 GMT-0400 (EDT): GET /
Sat Jun 02 2018 13:17:26 GMT-0400 (EDT): GET /favicon.ico
Sat Jun 02 2018 13:17:26 GMT-0400 (EDT): GET /about
Sat Jun 02 2018 13:17:26 GMT-0400 (EDT): GET /favicon.ico
Sat Jun 02 2018 13:17:27 GMT-0400 (EDT): GET /
Sat Jun 02 2018 13:17:27 GMT-0400 (EDT): GET /favicon.ico
Sat Jun 02 2018 13:17:28 GMT-0400 (EDT): GET /about
Sat Jun 02 2018 13:17:28 GMT-0400 (EDT): GET /favicon.ico
